{
  "stats": {
    "suites": 1,
    "tests": 1,
    "passes": 1,
    "pending": 0,
    "failures": 0,
    "start": "2024-06-03T18:04:21.152Z",
    "end": "2024-06-03T18:04:25.741Z",
    "duration": 4589,
    "testsRegistered": 1,
    "passPercent": 100,
    "pendingPercent": 0,
    "other": 0,
    "hasOther": false,
    "skipped": 0,
    "hasSkipped": false
  },
  "results": [
    {
      "uuid": "1d337cd3-e245-4ca2-b176-34fa8a518fd6",
      "title": "",
      "fullFile": "cypress\\e2e\\tests\\regressionTestNaveen.cy.js",
      "file": "cypress\\e2e\\tests\\regressionTestNaveen.cy.js",
      "beforeHooks": [],
      "afterHooks": [],
      "tests": [],
      "suites": [
        {
          "uuid": "c2c0a5b4-f7ae-48d2-9b85-adc17ef505b9",
          "title": "regression Naveen test",
          "fullFile": "",
          "file": "",
          "beforeHooks": [],
          "afterHooks": [],
          "tests": [
            {
              "title": "regression Naveen test",
              "fullTitle": "regression Naveen test regression Naveen test",
              "timedOut": null,
              "duration": 4564,
              "state": "passed",
              "speed": "fast",
              "pass": true,
              "fail": false,
              "pending": false,
              "context": null,
              "code": "loginOBJ.openBrowser();\nloginOBJ.verifyNaveenLogo();\nloginOBJ.enterUserName(_loginDataNaveen.default.userName);\nloginOBJ.enterPassword(_loginDataNaveen.default.password);\nloginOBJ.selectLoginBtn();",
              "err": {},
              "uuid": "045783d6-5fab-43dc-b330-81444f7c4c91",
              "parentUUID": "c2c0a5b4-f7ae-48d2-9b85-adc17ef505b9",
              "isHook": false,
              "skipped": false
            }
          ],
          "suites": [],
          "passes": [
            "045783d6-5fab-43dc-b330-81444f7c4c91"
          ],
          "failures": [],
          "pending": [],
          "skipped": [],
          "duration": 4564,
          "root": false,
          "rootEmpty": false,
          "_timeout": 2000
        }
      ],
      "passes": [],
      "failures": [],
      "pending": [],
      "skipped": [],
      "duration": 0,
      "root": true,
      "rootEmpty": true,
      "_timeout": 2000
    }
  ],
  "meta": {
    "mocha": {
      "version": "7.0.1"
    },
    "mochawesome": {
      "options": {
        "quiet": false,
        "reportFilename": "mochawesome",
        "saveHtml": false,
        "saveJson": true,
        "consoleReporter": "spec",
        "useInlineDiffs": false,
        "code": true
      },
      "version": "7.1.3"
    },
    "marge": {
      "options": {
        "overwrite": false,
        "html": false,
        "json": true,
        "reportDir": "cypress\\reports\\html\\.jsons"
      },
      "version": "6.2.0"
    }
  }
}