{
  "stats": {
    "suites": 1,
    "tests": 2,
    "passes": 2,
    "pending": 0,
    "failures": 0,
    "start": "2024-06-10T15:45:37.531Z",
    "end": "2024-06-10T15:45:41.396Z",
    "duration": 3865,
    "testsRegistered": 2,
    "passPercent": 100,
    "pendingPercent": 0,
    "other": 0,
    "hasOther": false,
    "skipped": 0,
    "hasSkipped": false
  },
  "results": [
    {
      "uuid": "c9de9b6f-8e22-4298-8272-3f90c5cf80ed",
      "title": "",
      "fullFile": "cypress\\e2e\\tests\\alertsHandle.cy.js",
      "file": "cypress\\e2e\\tests\\alertsHandle.cy.js",
      "beforeHooks": [],
      "afterHooks": [],
      "tests": [],
      "suites": [
        {
          "uuid": "8e90b4f6-44c2-4813-93ae-58cbabfff47a",
          "title": "Alerts",
          "fullFile": "",
          "file": "",
          "beforeHooks": [],
          "afterHooks": [],
          "tests": [
            {
              "title": "Alerts 1, Smoke",
              "fullTitle": "Alerts Alerts 1, Smoke",
              "timedOut": null,
              "duration": 1627,
              "state": "passed",
              "speed": "fast",
              "pass": true,
              "fail": false,
              "pending": false,
              "context": null,
              "code": "// Normal alert\ncy.visit('https://the-internet.herokuapp.com/javascript_alerts');\ncy.get(\"button[onclick='jsAlert()']\").click();\ncy.on('window:alert', t => {\n  expect(t).contains('I am a JS Alert');\n});\ncy.get(\"#result\").should('contain', 'You successfully clicked an alert');\n//TDD assertion\n//     cy.get(\"#result\").then((x)=>{\n//        let actMsg = x.text()\n//        let expMsg = 'You successfully clicked an alert'\n//        assert.equal(actMsg, expMsg)\n// })",
              "err": {},
              "uuid": "14d189bb-58df-45b5-b8e9-960dd9165099",
              "parentUUID": "8e90b4f6-44c2-4813-93ae-58cbabfff47a",
              "isHook": false,
              "skipped": false
            },
            {
              "title": "Alerts Confirm",
              "fullTitle": "Alerts Alerts Confirm",
              "timedOut": null,
              "duration": 295,
              "state": "passed",
              "speed": "fast",
              "pass": true,
              "fail": false,
              "pending": false,
              "context": null,
              "code": "cy.visit('https://the-internet.herokuapp.com/javascript_alerts');\ncy.get(\"button[onclick='jsConfirm()']\").click();\ncy.on('window:confirm', t => {\n  expect(t).contains('I am a JS Confirm');\n  cy.on('window:alert', () => \"false\");\n});\ncy.get('#result').should('contain', 'You clicked: Ok');",
              "err": {},
              "uuid": "52b5abcc-3c06-47ba-a313-9a717c61b1f5",
              "parentUUID": "8e90b4f6-44c2-4813-93ae-58cbabfff47a",
              "isHook": false,
              "skipped": false
            }
          ],
          "suites": [],
          "passes": [
            "14d189bb-58df-45b5-b8e9-960dd9165099",
            "52b5abcc-3c06-47ba-a313-9a717c61b1f5"
          ],
          "failures": [],
          "pending": [],
          "skipped": [],
          "duration": 1922,
          "root": false,
          "rootEmpty": false,
          "_timeout": 2000
        }
      ],
      "passes": [],
      "failures": [],
      "pending": [],
      "skipped": [],
      "duration": 0,
      "root": true,
      "rootEmpty": true,
      "_timeout": 2000
    }
  ],
  "meta": {
    "mocha": {
      "version": "7.0.1"
    },
    "mochawesome": {
      "options": {
        "quiet": false,
        "reportFilename": "mochawesome",
        "saveHtml": false,
        "saveJson": true,
        "consoleReporter": "spec",
        "useInlineDiffs": false,
        "code": true
      },
      "version": "7.1.3"
    },
    "marge": {
      "options": {
        "overwrite": false,
        "html": false,
        "json": true,
        "reportDir": "cypress\\reports\\html\\.jsons"
      },
      "version": "6.2.0"
    }
  }
}