{
  "stats": {
    "suites": 1,
    "tests": 1,
    "passes": 0,
    "pending": 1,
    "failures": 0,
    "start": "2024-06-03T18:13:44.000Z",
    "end": "2024-06-03T18:13:44.025Z",
    "duration": 25,
    "testsRegistered": 1,
    "passPercent": null,
    "pendingPercent": 100,
    "other": 0,
    "hasOther": false,
    "skipped": 0,
    "hasSkipped": false
  },
  "results": [
    {
      "uuid": "7133abf3-a958-4462-9e71-3b880092a9b5",
      "title": "",
      "fullFile": "cypress\\e2e\\tests\\regressionTestNaveen.cy.js",
      "file": "cypress\\e2e\\tests\\regressionTestNaveen.cy.js",
      "beforeHooks": [],
      "afterHooks": [],
      "tests": [],
      "suites": [
        {
          "uuid": "399d2bbc-a587-482f-a390-a688ad5019db",
          "title": "regression Naveen test",
          "fullFile": "",
          "file": "",
          "beforeHooks": [],
          "afterHooks": [],
          "tests": [
            {
              "title": "regression Naveen test",
              "fullTitle": "regression Naveen test regression Naveen test",
              "timedOut": null,
              "duration": 0,
              "state": "pending",
              "speed": null,
              "pass": false,
              "fail": false,
              "pending": true,
              "context": null,
              "code": "loginOBJ.openBrowser();\nloginOBJ.verifyNaveenLogo();\nloginOBJ.enterUserName(_loginDataNaveen.default.userName);\nloginOBJ.enterPassword(_loginDataNaveen.default.password);\nloginOBJ.selectLoginBtn();",
              "err": {},
              "uuid": "d5a8e801-789d-4bca-9125-4fd046d6b540",
              "parentUUID": "399d2bbc-a587-482f-a390-a688ad5019db",
              "isHook": false,
              "skipped": false
            }
          ],
          "suites": [],
          "passes": [],
          "failures": [],
          "pending": [
            "d5a8e801-789d-4bca-9125-4fd046d6b540"
          ],
          "skipped": [],
          "duration": 0,
          "root": false,
          "rootEmpty": false,
          "_timeout": 2000
        }
      ],
      "passes": [],
      "failures": [],
      "pending": [],
      "skipped": [],
      "duration": 0,
      "root": true,
      "rootEmpty": true,
      "_timeout": 2000
    }
  ],
  "meta": {
    "mocha": {
      "version": "7.0.1"
    },
    "mochawesome": {
      "options": {
        "quiet": false,
        "reportFilename": "mochawesome",
        "saveHtml": false,
        "saveJson": true,
        "consoleReporter": "spec",
        "useInlineDiffs": false,
        "code": true
      },
      "version": "7.1.3"
    },
    "marge": {
      "options": {
        "overwrite": false,
        "html": false,
        "json": true,
        "reportDir": "cypress\\reports\\html\\.jsons"
      },
      "version": "6.2.0"
    }
  }
}