{
  "stats": {
    "suites": 2,
    "tests": 2,
    "passes": 0,
    "pending": 2,
    "failures": 0,
    "start": "2024-06-03T17:59:35.261Z",
    "end": "2024-06-03T17:59:35.305Z",
    "duration": 44,
    "testsRegistered": 2,
    "passPercent": null,
    "pendingPercent": 100,
    "other": 0,
    "hasOther": false,
    "skipped": 0,
    "hasSkipped": false
  },
  "results": [
    {
      "uuid": "6bd431be-f412-4540-b3b1-54df391fa8a2",
      "title": "",
      "fullFile": "cypress\\e2e\\tests\\checkBoxRadioButton.cy.js",
      "file": "cypress\\e2e\\tests\\checkBoxRadioButton.cy.js",
      "beforeHooks": [],
      "afterHooks": [],
      "tests": [],
      "suites": [
        {
          "uuid": "03c90faf-9ac6-4f7f-aede-912d74544fc0",
          "title": "Radiobutton",
          "fullFile": "",
          "file": "",
          "beforeHooks": [],
          "afterHooks": [],
          "tests": [
            {
              "title": "Radiobutton 1",
              "fullTitle": "Radiobutton Radiobutton 1",
              "timedOut": null,
              "duration": 0,
              "state": "pending",
              "speed": null,
              "pass": false,
              "fail": false,
              "pending": true,
              "context": null,
              "code": "cy.visit(\"https://naveenautomationlabs.com/opencart/index.php?route=account/register\");\ncy.get(\"input[value='1'][name='newsletter']\").should('be.visible');\ncy.get(\"input[value='1'][name='newsletter']\").check().should('be.checked');\ncy.get(\"input[value='0'][name='newsletter']\").should('not.be.checked');\ncy.get(\"input[value='0'][name='newsletter']\").check().should('be.checked');\ncy.get(\"input[value='1'][name='newsletter']\").should('not.be.checked');\ncy.xpath(\"//input[@name='agree']\").should('not.be.checked');\ncy.xpath(\"//input[@name='agree']\").check().should('be.checked');",
              "err": {},
              "uuid": "520916d8-2c49-4858-b343-76e19bd41c6c",
              "parentUUID": "03c90faf-9ac6-4f7f-aede-912d74544fc0",
              "isHook": false,
              "skipped": false
            }
          ],
          "suites": [],
          "passes": [],
          "failures": [],
          "pending": [
            "520916d8-2c49-4858-b343-76e19bd41c6c"
          ],
          "skipped": [],
          "duration": 0,
          "root": false,
          "rootEmpty": false,
          "_timeout": 2000
        },
        {
          "uuid": "b3d70557-6f4f-40dd-83f2-8eed1e3c006f",
          "title": "Radiobutton 2",
          "fullFile": "",
          "file": "",
          "beforeHooks": [],
          "afterHooks": [],
          "tests": [
            {
              "title": "Radiobutton",
              "fullTitle": "Radiobutton 2 Radiobutton",
              "timedOut": null,
              "duration": 0,
              "state": "pending",
              "speed": null,
              "pass": false,
              "fail": false,
              "pending": true,
              "context": null,
              "code": "cy.visit(\"https://naveenautomationlabs.com/opencart/index.php?route=account/register\");\ncy.get(\"input[value='Continue']\").click();\ncy.xpath(\"//input[@name='agree']\").should('not.be.checked');\ncy.get('.alert.alert-danger.alert-dismissible').should('contain', 'Warning: You must agree');\ncy.xpath(\"//input[@name='agree']\").check().should('be.checked');",
              "err": {},
              "uuid": "4abd0334-ae7a-4de4-94c9-66e600920e29",
              "parentUUID": "b3d70557-6f4f-40dd-83f2-8eed1e3c006f",
              "isHook": false,
              "skipped": false
            }
          ],
          "suites": [],
          "passes": [],
          "failures": [],
          "pending": [
            "4abd0334-ae7a-4de4-94c9-66e600920e29"
          ],
          "skipped": [],
          "duration": 0,
          "root": false,
          "rootEmpty": false,
          "_timeout": 2000
        }
      ],
      "passes": [],
      "failures": [],
      "pending": [],
      "skipped": [],
      "duration": 0,
      "root": true,
      "rootEmpty": true,
      "_timeout": 2000
    }
  ],
  "meta": {
    "mocha": {
      "version": "7.0.1"
    },
    "mochawesome": {
      "options": {
        "quiet": false,
        "reportFilename": "mochawesome",
        "saveHtml": false,
        "saveJson": true,
        "consoleReporter": "spec",
        "useInlineDiffs": false,
        "code": true
      },
      "version": "7.1.3"
    },
    "marge": {
      "options": {
        "overwrite": false,
        "html": false,
        "json": true,
        "reportDir": "cypress\\reports\\html\\.jsons"
      },
      "version": "6.2.0"
    }
  }
}