{
  "stats": {
    "suites": 1,
    "tests": 1,
    "passes": 1,
    "pending": 0,
    "failures": 0,
    "start": "2024-06-03T18:06:47.973Z",
    "end": "2024-06-03T18:06:52.097Z",
    "duration": 4124,
    "testsRegistered": 1,
    "passPercent": 100,
    "pendingPercent": 0,
    "other": 0,
    "hasOther": false,
    "skipped": 0,
    "hasSkipped": false
  },
  "results": [
    {
      "uuid": "5be3a5a1-33a8-4b68-9c53-b7b1f679b9f9",
      "title": "",
      "fullFile": "cypress\\e2e\\tests\\footorLink.cy.js",
      "file": "cypress\\e2e\\tests\\footorLink.cy.js",
      "beforeHooks": [],
      "afterHooks": [],
      "tests": [],
      "suites": [
        {
          "uuid": "d667f345-67ae-4224-ada1-ebf6d5f976f4",
          "title": "Footer links",
          "fullFile": "",
          "file": "",
          "beforeHooks": [],
          "afterHooks": [],
          "tests": [
            {
              "title": "Footor links",
              "fullTitle": "Footer links Footor links",
              "timedOut": null,
              "duration": 4104,
              "state": "passed",
              "speed": "fast",
              "pass": true,
              "fail": false,
              "pending": false,
              "context": null,
              "code": "cy.visit(\"https://naveenautomationlabs.com/opencart/index.php?route=product/category&path=57\");\ncy.get(\".dropdown-menu\").should('have.length', 7);\ncy.get(\".dropdown-menu\").contains('Monitors').click({\n  force: true\n});",
              "err": {},
              "uuid": "cac2d4b1-9fc0-4707-a677-38fc13377bde",
              "parentUUID": "d667f345-67ae-4224-ada1-ebf6d5f976f4",
              "isHook": false,
              "skipped": false
            }
          ],
          "suites": [],
          "passes": [
            "cac2d4b1-9fc0-4707-a677-38fc13377bde"
          ],
          "failures": [],
          "pending": [],
          "skipped": [],
          "duration": 4104,
          "root": false,
          "rootEmpty": false,
          "_timeout": 2000
        }
      ],
      "passes": [],
      "failures": [],
      "pending": [],
      "skipped": [],
      "duration": 0,
      "root": true,
      "rootEmpty": true,
      "_timeout": 2000
    }
  ],
  "meta": {
    "mocha": {
      "version": "7.0.1"
    },
    "mochawesome": {
      "options": {
        "quiet": false,
        "reportFilename": "mochawesome",
        "saveHtml": false,
        "saveJson": true,
        "consoleReporter": "spec",
        "useInlineDiffs": false,
        "code": true
      },
      "version": "7.1.3"
    },
    "marge": {
      "options": {
        "overwrite": false,
        "html": false,
        "json": true,
        "reportDir": "cypress\\reports\\html\\.jsons"
      },
      "version": "6.2.0"
    }
  }
}