{
  "stats": {
    "suites": 1,
    "tests": 1,
    "passes": 0,
    "pending": 0,
    "failures": 1,
    "start": "2024-06-10T16:39:56.417Z",
    "end": "2024-06-10T16:40:06.460Z",
    "duration": 10043,
    "testsRegistered": 1,
    "passPercent": 0,
    "pendingPercent": 0,
    "other": 0,
    "hasOther": false,
    "skipped": 0,
    "hasSkipped": false
  },
  "results": [
    {
      "uuid": "fceacc45-e079-419c-9129-31e2b06d469e",
      "title": "",
      "fullFile": "cypress\\e2e\\tests\\searchProductTest.cy.js",
      "file": "cypress\\e2e\\tests\\searchProductTest.cy.js",
      "beforeHooks": [],
      "afterHooks": [],
      "tests": [],
      "suites": [
        {
          "uuid": "d44a53b8-674d-4977-9203-feed4c3d4761",
          "title": "loginNaveen",
          "fullFile": "",
          "file": "",
          "beforeHooks": [],
          "afterHooks": [],
          "tests": [
            {
              "title": "searchProduct",
              "fullTitle": "loginNaveen searchProduct",
              "timedOut": null,
              "duration": 10003,
              "state": "failed",
              "speed": null,
              "pass": false,
              "fail": true,
              "pending": false,
              "context": "[\n  {\n    \"title\": \"cypress-mochawesome-reporter-videos-failed\",\n    \"value\": \"cypress\\\\e2e\\\\tests\\\\searchProductTest.cy.js\"\n  },\n  {\n    \"title\": \"cypress-mochawesome-reporter-screenshots\",\n    \"value\": [\n      [\n        \"\\\\searchProductTest.cy.js\\\\loginNaveen -- searchProduct (failed).png\"\n      ]\n    ]\n  }\n]",
              "code": "dashboardOBJ.verifyMyAccountText();\ndashboardOBJ.searchProduct(_loginDataNaveen.default.product);\ndashboardOBJ.clickOnSearchIcon();\nsearchResultOBJ.verifySearchText();\ncy.get(\".dropdown-toggle[href='https://naveenautomationlabs.com/opencart/index.php?route=product/category&path=34']\").click();\ncy.get(\"a[href='https://naveenautomationlabs.com/opencart/index.php?route=product/category&path=34_43']\").click();\ncy.go('back');\ncy.get(\".dropdown-toggle[href='https://naveenautomationlabs.com/opencart/index.php?route=product/category&path=25']\").click();\ncy.get('#menu > div.collapse.navbar-collapse.navbar-ex1-collapse > ul > li.dropdown.open > div > div > ul > li:nth-child(2) > a').click();\ncy.get(\"#content > div:nth-child(5) > div:nth-child(1) > div > div.image > a > img\").click();\ncy.get('h1').then(x => {\n  let actualText = x.text();\n  let expectedText = 'Apple Cinema 301\"';\n  assert.equal(actualText, expectedText);\n});\n// const TotalProduct = cy.xpath(\"//li//a[1]//img[1]\")\n// TotalProduct.should('have.length, 6')\ncy.get(\"li:nth-child(2) a:nth-child(1) img:nth-child(1)\").click();",
              "err": {
                "message": "AssertionError: expected 'Apple Cinema 30\"' to equal 'Apple Cinema 301\"'",
                "estack": "AssertionError: expected 'Apple Cinema 30\"' to equal 'Apple Cinema 301\"'\n    at Context.eval (webpack://clear/./cypress/e2e/tests/searchProductTest.cy.js:27:19)",
                "diff": "- 'Apple Cinema 30\"'\n+ 'Apple Cinema 301\"'\n"
              },
              "uuid": "986cee66-5ce7-48fe-a80f-3093fc6ddfa3",
              "parentUUID": "d44a53b8-674d-4977-9203-feed4c3d4761",
              "isHook": false,
              "skipped": false
            }
          ],
          "suites": [],
          "passes": [],
          "failures": [
            "986cee66-5ce7-48fe-a80f-3093fc6ddfa3"
          ],
          "pending": [],
          "skipped": [],
          "duration": 10003,
          "root": false,
          "rootEmpty": false,
          "_timeout": 2000
        }
      ],
      "passes": [],
      "failures": [],
      "pending": [],
      "skipped": [],
      "duration": 0,
      "root": true,
      "rootEmpty": true,
      "_timeout": 2000
    }
  ],
  "meta": {
    "mocha": {
      "version": "7.0.1"
    },
    "mochawesome": {
      "options": {
        "quiet": false,
        "reportFilename": "mochawesome",
        "saveHtml": false,
        "saveJson": true,
        "consoleReporter": "spec",
        "useInlineDiffs": false,
        "code": true
      },
      "version": "7.1.3"
    },
    "marge": {
      "options": {
        "overwrite": false,
        "html": false,
        "json": true,
        "reportDir": "cypress\\reports\\html\\.jsons"
      },
      "version": "6.2.0"
    }
  }
}