{
  "stats": {
    "suites": 1,
    "tests": 1,
    "passes": 1,
    "pending": 0,
    "failures": 0,
    "start": "2024-06-10T16:39:46.816Z",
    "end": "2024-06-10T16:39:51.715Z",
    "duration": 4899,
    "testsRegistered": 1,
    "passPercent": 100,
    "pendingPercent": 0,
    "other": 0,
    "hasOther": false,
    "skipped": 0,
    "hasSkipped": false
  },
  "results": [
    {
      "uuid": "50f4f104-0eca-4225-ba0f-c93e31ff85e6",
      "title": "",
      "fullFile": "cypress\\e2e\\tests\\regressionTestNaveen.cy.js",
      "file": "cypress\\e2e\\tests\\regressionTestNaveen.cy.js",
      "beforeHooks": [],
      "afterHooks": [],
      "tests": [],
      "suites": [
        {
          "uuid": "b95824bb-085e-4fae-b546-e2edc2592806",
          "title": "regression Naveen test",
          "fullFile": "",
          "file": "",
          "beforeHooks": [],
          "afterHooks": [],
          "tests": [
            {
              "title": "regression Naveen test",
              "fullTitle": "regression Naveen test regression Naveen test",
              "timedOut": null,
              "duration": 4860,
              "state": "passed",
              "speed": "fast",
              "pass": true,
              "fail": false,
              "pending": false,
              "context": "{\n  \"title\": \"cypress-mochawesome-reporter-videos-passed\",\n  \"value\": \"cypress\\\\e2e\\\\tests\\\\regressionTestNaveen.cy.js\"\n}",
              "code": "loginOBJ.openBrowser();\nloginOBJ.verifyNaveenLogo();\nloginOBJ.enterUserName(_loginDataNaveen.default.userName);\nloginOBJ.enterPassword(_loginDataNaveen.default.password);\nloginOBJ.selectLoginBtn();",
              "err": {},
              "uuid": "ae835bac-c43a-4fe0-a449-8b3330822f89",
              "parentUUID": "b95824bb-085e-4fae-b546-e2edc2592806",
              "isHook": false,
              "skipped": false
            }
          ],
          "suites": [],
          "passes": [
            "ae835bac-c43a-4fe0-a449-8b3330822f89"
          ],
          "failures": [],
          "pending": [],
          "skipped": [],
          "duration": 4860,
          "root": false,
          "rootEmpty": false,
          "_timeout": 2000
        }
      ],
      "passes": [],
      "failures": [],
      "pending": [],
      "skipped": [],
      "duration": 0,
      "root": true,
      "rootEmpty": true,
      "_timeout": 2000
    }
  ],
  "meta": {
    "mocha": {
      "version": "7.0.1"
    },
    "mochawesome": {
      "options": {
        "quiet": false,
        "reportFilename": "mochawesome",
        "saveHtml": false,
        "saveJson": true,
        "consoleReporter": "spec",
        "useInlineDiffs": false,
        "code": true
      },
      "version": "7.1.3"
    },
    "marge": {
      "options": {
        "overwrite": false,
        "html": false,
        "json": true,
        "reportDir": "cypress\\reports\\html\\.jsons"
      },
      "version": "6.2.0"
    }
  }
}