{
  "stats": {
    "suites": 1,
    "tests": 1,
    "passes": 1,
    "pending": 0,
    "failures": 0,
    "start": "2024-06-10T15:46:14.564Z",
    "end": "2024-06-10T15:46:21.960Z",
    "duration": 7396,
    "testsRegistered": 1,
    "passPercent": 100,
    "pendingPercent": 0,
    "other": 0,
    "hasOther": false,
    "skipped": 0,
    "hasSkipped": false
  },
  "results": [
    {
      "uuid": "92c0cadd-6576-4303-ab45-cfb81bd29d6e",
      "title": "",
      "fullFile": "cypress\\e2e\\tests\\regressionTest.cy.js",
      "file": "cypress\\e2e\\tests\\regressionTest.cy.js",
      "beforeHooks": [],
      "afterHooks": [],
      "tests": [],
      "suites": [
        {
          "uuid": "4521da83-e02b-495f-bc61-8d8a2c8ff9b2",
          "title": "regression test",
          "fullFile": "",
          "file": "",
          "beforeHooks": [],
          "afterHooks": [],
          "tests": [
            {
              "title": "regression test",
              "fullTitle": "regression test regression test",
              "timedOut": null,
              "duration": 4444,
              "state": "passed",
              "speed": "fast",
              "pass": true,
              "fail": false,
              "pending": false,
              "context": null,
              "code": "loginOBJ.openBrowser();\nloginOBJ.verifyHRMLogo();\nloginOBJ.enterUserName(_loginData.default.userName);\nloginOBJ.enterPassword(_loginData.default.password);\nloginOBJ.selectLoginBtn();",
              "err": {},
              "uuid": "b76de79e-f4fe-4562-8583-047bc61a4a7f",
              "parentUUID": "4521da83-e02b-495f-bc61-8d8a2c8ff9b2",
              "isHook": false,
              "skipped": false
            }
          ],
          "suites": [],
          "passes": [
            "b76de79e-f4fe-4562-8583-047bc61a4a7f"
          ],
          "failures": [],
          "pending": [],
          "skipped": [],
          "duration": 4444,
          "root": false,
          "rootEmpty": false,
          "_timeout": 2000
        }
      ],
      "passes": [],
      "failures": [],
      "pending": [],
      "skipped": [],
      "duration": 0,
      "root": true,
      "rootEmpty": true,
      "_timeout": 2000
    }
  ],
  "meta": {
    "mocha": {
      "version": "7.0.1"
    },
    "mochawesome": {
      "options": {
        "quiet": false,
        "reportFilename": "mochawesome",
        "saveHtml": false,
        "saveJson": true,
        "consoleReporter": "spec",
        "useInlineDiffs": false,
        "code": true
      },
      "version": "7.1.3"
    },
    "marge": {
      "options": {
        "overwrite": false,
        "html": false,
        "json": true,
        "reportDir": "cypress\\reports\\html\\.jsons"
      },
      "version": "6.2.0"
    }
  }
}