{
  "stats": {
    "suites": 1,
    "tests": 1,
    "passes": 0,
    "pending": 1,
    "failures": 0,
    "start": "2024-06-03T18:19:50.266Z",
    "end": "2024-06-03T18:19:57.700Z",
    "duration": 7434,
    "testsRegistered": 1,
    "passPercent": null,
    "pendingPercent": 100,
    "other": 0,
    "hasOther": false,
    "skipped": 0,
    "hasSkipped": false
  },
  "results": [
    {
      "uuid": "daa144a5-ee81-44eb-bc0b-b157071f5399",
      "title": "",
      "fullFile": "cypress\\e2e\\tests\\searchProductTest.cy.js",
      "file": "cypress\\e2e\\tests\\searchProductTest.cy.js",
      "beforeHooks": [],
      "afterHooks": [],
      "tests": [],
      "suites": [
        {
          "uuid": "c1cb0aa9-edfe-4e50-a2c2-1fbc137ffd01",
          "title": "loginNaveen",
          "fullFile": "",
          "file": "",
          "beforeHooks": [],
          "afterHooks": [],
          "tests": [
            {
              "title": "searchProduct",
              "fullTitle": "loginNaveen searchProduct",
              "timedOut": null,
              "duration": 0,
              "state": "pending",
              "speed": null,
              "pass": false,
              "fail": false,
              "pending": true,
              "context": null,
              "code": "dashboardOBJ.verifyMyAccountText();\ndashboardOBJ.searchProduct(_loginDataNaveen.default.product);\ndashboardOBJ.clickOnSearchIcon();\nsearchResultOBJ.verifySearchText();\ncy.get(\".dropdown-toggle[href='https://naveenautomationlabs.com/opencart/index.php?route=product/category&path=34']\").click();\ncy.get(\"a[href='https://naveenautomationlabs.com/opencart/index.php?route=product/category&path=34_43']\").click();\ncy.go('back');\ncy.get(\".dropdown-toggle[href='https://naveenautomationlabs.com/opencart/index.php?route=product/category&path=25']\").click();\ncy.get('#menu > div.collapse.navbar-collapse.navbar-ex1-collapse > ul > li.dropdown.open > div > div > ul > li:nth-child(2) > a').click();\ncy.get(\"#content > div:nth-child(5) > div:nth-child(1) > div > div.image > a > img\").click();\ncy.get('h1').then(x => {\n  let actualText = x.text();\n  let expectedText = 'Apple Cinema 30\"';\n  assert.equal(actualText, expectedText);\n});\n// const TotalProduct = cy.xpath(\"//li//a[1]//img[1]\")\n// TotalProduct.should('have.length, 6')\ncy.get(\"li:nth-child(2) a:nth-child(1) img:nth-child(1)\").click();",
              "err": {},
              "uuid": "6397f19c-ffc6-463b-86a9-9286901aadf6",
              "parentUUID": "c1cb0aa9-edfe-4e50-a2c2-1fbc137ffd01",
              "isHook": false,
              "skipped": false
            }
          ],
          "suites": [],
          "passes": [],
          "failures": [],
          "pending": [
            "6397f19c-ffc6-463b-86a9-9286901aadf6"
          ],
          "skipped": [],
          "duration": 0,
          "root": false,
          "rootEmpty": false,
          "_timeout": 2000
        }
      ],
      "passes": [],
      "failures": [],
      "pending": [],
      "skipped": [],
      "duration": 0,
      "root": true,
      "rootEmpty": true,
      "_timeout": 2000
    }
  ],
  "meta": {
    "mocha": {
      "version": "7.0.1"
    },
    "mochawesome": {
      "options": {
        "quiet": false,
        "reportFilename": "mochawesome",
        "saveHtml": false,
        "saveJson": true,
        "consoleReporter": "spec",
        "useInlineDiffs": false,
        "code": true
      },
      "version": "7.1.3"
    },
    "marge": {
      "options": {
        "overwrite": false,
        "html": false,
        "json": true,
        "reportDir": "cypress\\reports\\html\\.jsons"
      },
      "version": "6.2.0"
    }
  }
}