{
  "stats": {
    "suites": 1,
    "tests": 2,
    "passes": 2,
    "pending": 0,
    "failures": 0,
    "start": "2024-06-10T16:38:42.596Z",
    "end": "2024-06-10T16:38:46.099Z",
    "duration": 3503,
    "testsRegistered": 2,
    "passPercent": 100,
    "pendingPercent": 0,
    "other": 0,
    "hasOther": false,
    "skipped": 0,
    "hasSkipped": false
  },
  "results": [
    {
      "uuid": "6e81b318-5465-4597-975a-64a0d31493f2",
      "title": "",
      "fullFile": "cypress\\e2e\\tests\\alertsHandle.cy.js",
      "file": "cypress\\e2e\\tests\\alertsHandle.cy.js",
      "beforeHooks": [],
      "afterHooks": [],
      "tests": [],
      "suites": [
        {
          "uuid": "07e863d7-6df3-4cd0-8c5a-ef1688ff444b",
          "title": "Alerts",
          "fullFile": "",
          "file": "",
          "beforeHooks": [],
          "afterHooks": [],
          "tests": [
            {
              "title": "Alerts 1, Smoke",
              "fullTitle": "Alerts Alerts 1, Smoke",
              "timedOut": null,
              "duration": 1360,
              "state": "passed",
              "speed": "fast",
              "pass": true,
              "fail": false,
              "pending": false,
              "context": "{\n  \"title\": \"cypress-mochawesome-reporter-videos-passed\",\n  \"value\": \"cypress\\\\e2e\\\\tests\\\\alertsHandle.cy.js\"\n}",
              "code": "// Normal alert\ncy.visit('https://the-internet.herokuapp.com/javascript_alerts');\ncy.get(\"button[onclick='jsAlert()']\").click();\ncy.on('window:alert', t => {\n  expect(t).contains('I am a JS Alert');\n});\ncy.get(\"#result\").should('contain', 'You successfully clicked an alert');\n//TDD assertion\n//     cy.get(\"#result\").then((x)=>{\n//        let actMsg = x.text()\n//        let expMsg = 'You successfully clicked an alert'\n//        assert.equal(actMsg, expMsg)\n// })",
              "err": {},
              "uuid": "2a2bdd95-bc00-493a-b8fc-33674cca4781",
              "parentUUID": "07e863d7-6df3-4cd0-8c5a-ef1688ff444b",
              "isHook": false,
              "skipped": false
            },
            {
              "title": "Alerts Confirm",
              "fullTitle": "Alerts Alerts Confirm",
              "timedOut": null,
              "duration": 239,
              "state": "passed",
              "speed": "fast",
              "pass": true,
              "fail": false,
              "pending": false,
              "context": "{\n  \"title\": \"cypress-mochawesome-reporter-videos-passed\",\n  \"value\": \"cypress\\\\e2e\\\\tests\\\\alertsHandle.cy.js\"\n}",
              "code": "cy.visit('https://the-internet.herokuapp.com/javascript_alerts');\ncy.get(\"button[onclick='jsConfirm()']\").click();\ncy.on('window:confirm', t => {\n  expect(t).contains('I am a JS Confirm');\n  cy.on('window:alert', () => \"false\");\n});\ncy.get('#result').should('contain', 'You clicked: Ok');",
              "err": {},
              "uuid": "d9184472-cf21-4667-8968-4772f9e7080c",
              "parentUUID": "07e863d7-6df3-4cd0-8c5a-ef1688ff444b",
              "isHook": false,
              "skipped": false
            }
          ],
          "suites": [],
          "passes": [
            "2a2bdd95-bc00-493a-b8fc-33674cca4781",
            "d9184472-cf21-4667-8968-4772f9e7080c"
          ],
          "failures": [],
          "pending": [],
          "skipped": [],
          "duration": 1599,
          "root": false,
          "rootEmpty": false,
          "_timeout": 2000
        }
      ],
      "passes": [],
      "failures": [],
      "pending": [],
      "skipped": [],
      "duration": 0,
      "root": true,
      "rootEmpty": true,
      "_timeout": 2000
    }
  ],
  "meta": {
    "mocha": {
      "version": "7.0.1"
    },
    "mochawesome": {
      "options": {
        "quiet": false,
        "reportFilename": "mochawesome",
        "saveHtml": false,
        "saveJson": true,
        "consoleReporter": "spec",
        "useInlineDiffs": false,
        "code": true
      },
      "version": "7.1.3"
    },
    "marge": {
      "options": {
        "overwrite": false,
        "html": false,
        "json": true,
        "reportDir": "cypress\\reports\\html\\.jsons"
      },
      "version": "6.2.0"
    }
  }
}