{
  "stats": {
    "suites": 2,
    "tests": 2,
    "passes": 0,
    "pending": 2,
    "failures": 0,
    "start": "2024-06-03T18:18:19.704Z",
    "end": "2024-06-03T18:18:19.750Z",
    "duration": 46,
    "testsRegistered": 2,
    "passPercent": null,
    "pendingPercent": 100,
    "other": 0,
    "hasOther": false,
    "skipped": 0,
    "hasSkipped": false
  },
  "results": [
    {
      "uuid": "3d16eb84-ae09-4d6e-aad7-7752e0e67509",
      "title": "",
      "fullFile": "cypress\\e2e\\tests\\checkBoxRadioButton.cy.js",
      "file": "cypress\\e2e\\tests\\checkBoxRadioButton.cy.js",
      "beforeHooks": [],
      "afterHooks": [],
      "tests": [],
      "suites": [
        {
          "uuid": "7817693d-9f58-4821-a494-0133332ea869",
          "title": "Radiobutton",
          "fullFile": "",
          "file": "",
          "beforeHooks": [],
          "afterHooks": [],
          "tests": [
            {
              "title": "Radiobutton 1",
              "fullTitle": "Radiobutton Radiobutton 1",
              "timedOut": null,
              "duration": 0,
              "state": "pending",
              "speed": null,
              "pass": false,
              "fail": false,
              "pending": true,
              "context": null,
              "code": "cy.visit(\"https://naveenautomationlabs.com/opencart/index.php?route=account/register\");\ncy.get(\"input[value='1'][name='newsletter']\").should('be.visible');\ncy.get(\"input[value='1'][name='newsletter']\").check().should('be.checked');\ncy.get(\"input[value='0'][name='newsletter']\").should('not.be.checked');\ncy.get(\"input[value='0'][name='newsletter']\").check().should('be.checked');\ncy.get(\"input[value='1'][name='newsletter']\").should('not.be.checked');\ncy.xpath(\"//input[@name='agree']\").should('not.be.checked');\ncy.xpath(\"//input[@name='agree']\").check().should('be.checked');",
              "err": {},
              "uuid": "1154f740-d0d5-4915-8c8f-7b293566a70f",
              "parentUUID": "7817693d-9f58-4821-a494-0133332ea869",
              "isHook": false,
              "skipped": false
            }
          ],
          "suites": [],
          "passes": [],
          "failures": [],
          "pending": [
            "1154f740-d0d5-4915-8c8f-7b293566a70f"
          ],
          "skipped": [],
          "duration": 0,
          "root": false,
          "rootEmpty": false,
          "_timeout": 2000
        },
        {
          "uuid": "2b8222d6-b229-4c97-960f-89bdc22a4432",
          "title": "Radiobutton 2",
          "fullFile": "",
          "file": "",
          "beforeHooks": [],
          "afterHooks": [],
          "tests": [
            {
              "title": "Radiobutton",
              "fullTitle": "Radiobutton 2 Radiobutton",
              "timedOut": null,
              "duration": 0,
              "state": "pending",
              "speed": null,
              "pass": false,
              "fail": false,
              "pending": true,
              "context": null,
              "code": "cy.visit(\"https://naveenautomationlabs.com/opencart/index.php?route=account/register\");\ncy.get(\"input[value='Continue']\").click();\ncy.xpath(\"//input[@name='agree']\").should('not.be.checked');\ncy.get('.alert.alert-danger.alert-dismissible').should('contain', 'Warning: You must agree');\ncy.xpath(\"//input[@name='agree']\").check().should('be.checked');",
              "err": {},
              "uuid": "2a158a97-1189-4a2b-a9d3-9bbe277b4bbc",
              "parentUUID": "2b8222d6-b229-4c97-960f-89bdc22a4432",
              "isHook": false,
              "skipped": false
            }
          ],
          "suites": [],
          "passes": [],
          "failures": [],
          "pending": [
            "2a158a97-1189-4a2b-a9d3-9bbe277b4bbc"
          ],
          "skipped": [],
          "duration": 0,
          "root": false,
          "rootEmpty": false,
          "_timeout": 2000
        }
      ],
      "passes": [],
      "failures": [],
      "pending": [],
      "skipped": [],
      "duration": 0,
      "root": true,
      "rootEmpty": true,
      "_timeout": 2000
    }
  ],
  "meta": {
    "mocha": {
      "version": "7.0.1"
    },
    "mochawesome": {
      "options": {
        "quiet": false,
        "reportFilename": "mochawesome",
        "saveHtml": false,
        "saveJson": true,
        "consoleReporter": "spec",
        "useInlineDiffs": false,
        "code": true
      },
      "version": "7.1.3"
    },
    "marge": {
      "options": {
        "overwrite": false,
        "html": false,
        "json": true,
        "reportDir": "cypress\\reports\\html\\.jsons"
      },
      "version": "6.2.0"
    }
  }
}