{
  "stats": {
    "suites": 1,
    "tests": 1,
    "passes": 1,
    "pending": 0,
    "failures": 0,
    "start": "2024-06-10T16:39:02.773Z",
    "end": "2024-06-10T16:39:07.989Z",
    "duration": 5216,
    "testsRegistered": 1,
    "passPercent": 100,
    "pendingPercent": 0,
    "other": 0,
    "hasOther": false,
    "skipped": 0,
    "hasSkipped": false
  },
  "results": [
    {
      "uuid": "f6ad4674-fca1-4a42-9415-d028cbd84d32",
      "title": "",
      "fullFile": "cypress\\e2e\\tests\\footorLink.cy.js",
      "file": "cypress\\e2e\\tests\\footorLink.cy.js",
      "beforeHooks": [],
      "afterHooks": [],
      "tests": [],
      "suites": [
        {
          "uuid": "8bfed3a2-af7c-48c2-9c6f-5b00cc1fb114",
          "title": "Footer links",
          "fullFile": "",
          "file": "",
          "beforeHooks": [],
          "afterHooks": [],
          "tests": [
            {
              "title": "Footor links",
              "fullTitle": "Footer links Footor links",
              "timedOut": null,
              "duration": 5178,
              "state": "passed",
              "speed": "medium",
              "pass": true,
              "fail": false,
              "pending": false,
              "context": "{\n  \"title\": \"cypress-mochawesome-reporter-videos-passed\",\n  \"value\": \"cypress\\\\e2e\\\\tests\\\\footorLink.cy.js\"\n}",
              "code": "cy.visit(\"https://naveenautomationlabs.com/opencart/index.php?route=product/category&path=57\");\ncy.get(\".dropdown-menu\").should('have.length', 7);\ncy.get(\".dropdown-menu\").contains('Monitors').click({\n  force: true\n});",
              "err": {},
              "uuid": "74c668ae-e277-4d3d-8b20-c8e122718623",
              "parentUUID": "8bfed3a2-af7c-48c2-9c6f-5b00cc1fb114",
              "isHook": false,
              "skipped": false
            }
          ],
          "suites": [],
          "passes": [
            "74c668ae-e277-4d3d-8b20-c8e122718623"
          ],
          "failures": [],
          "pending": [],
          "skipped": [],
          "duration": 5178,
          "root": false,
          "rootEmpty": false,
          "_timeout": 2000
        }
      ],
      "passes": [],
      "failures": [],
      "pending": [],
      "skipped": [],
      "duration": 0,
      "root": true,
      "rootEmpty": true,
      "_timeout": 2000
    }
  ],
  "meta": {
    "mocha": {
      "version": "7.0.1"
    },
    "mochawesome": {
      "options": {
        "quiet": false,
        "reportFilename": "mochawesome",
        "saveHtml": false,
        "saveJson": true,
        "consoleReporter": "spec",
        "useInlineDiffs": false,
        "code": true
      },
      "version": "7.1.3"
    },
    "marge": {
      "options": {
        "overwrite": false,
        "html": false,
        "json": true,
        "reportDir": "cypress\\reports\\html\\.jsons"
      },
      "version": "6.2.0"
    }
  }
}