{
  "stats": {
    "suites": 1,
    "tests": 1,
    "passes": 1,
    "pending": 0,
    "failures": 0,
    "start": "2024-06-10T15:53:26.259Z",
    "end": "2024-06-10T15:53:36.495Z",
    "duration": 10236,
    "testsRegistered": 1,
    "passPercent": 100,
    "pendingPercent": 0,
    "other": 0,
    "hasOther": false,
    "skipped": 0,
    "hasSkipped": false
  },
  "results": [
    {
      "uuid": "3dc961a2-8cb1-4d23-83a0-9bb13c4f9234",
      "title": "",
      "fullFile": "cypress\\e2e\\tests\\regressionTest.cy.js",
      "file": "cypress\\e2e\\tests\\regressionTest.cy.js",
      "beforeHooks": [],
      "afterHooks": [],
      "tests": [],
      "suites": [
        {
          "uuid": "9f4d19b2-1052-422b-8787-7475ee3980ec",
          "title": "regression test",
          "fullFile": "",
          "file": "",
          "beforeHooks": [],
          "afterHooks": [],
          "tests": [
            {
              "title": "regression test",
              "fullTitle": "regression test regression test",
              "timedOut": null,
              "duration": 6683,
              "state": "passed",
              "speed": "medium",
              "pass": true,
              "fail": false,
              "pending": false,
              "context": null,
              "code": "loginOBJ.openBrowser();\nloginOBJ.verifyHRMLogo();\nloginOBJ.enterUserName(_loginData.default.userName);\nloginOBJ.enterPassword(_loginData.default.password);\nloginOBJ.selectLoginBtn();",
              "err": {},
              "uuid": "09cbbcc8-9c93-483e-9eea-cd62e6fd72e4",
              "parentUUID": "9f4d19b2-1052-422b-8787-7475ee3980ec",
              "isHook": false,
              "skipped": false
            }
          ],
          "suites": [],
          "passes": [
            "09cbbcc8-9c93-483e-9eea-cd62e6fd72e4"
          ],
          "failures": [],
          "pending": [],
          "skipped": [],
          "duration": 6683,
          "root": false,
          "rootEmpty": false,
          "_timeout": 2000
        }
      ],
      "passes": [],
      "failures": [],
      "pending": [],
      "skipped": [],
      "duration": 0,
      "root": true,
      "rootEmpty": true,
      "_timeout": 2000
    }
  ],
  "meta": {
    "mocha": {
      "version": "7.0.1"
    },
    "mochawesome": {
      "options": {
        "quiet": false,
        "reportFilename": "mochawesome",
        "saveHtml": false,
        "saveJson": true,
        "consoleReporter": "spec",
        "useInlineDiffs": false,
        "code": true
      },
      "version": "7.1.3"
    },
    "marge": {
      "options": {
        "overwrite": false,
        "html": false,
        "json": true,
        "reportDir": "cypress\\reports\\html\\.jsons"
      },
      "version": "6.2.0"
    }
  }
}