{
  "stats": {
    "suites": 1,
    "tests": 2,
    "passes": 2,
    "pending": 0,
    "failures": 0,
    "start": "2024-06-03T18:21:24.114Z",
    "end": "2024-06-03T18:21:30.502Z",
    "duration": 6388,
    "testsRegistered": 2,
    "passPercent": 100,
    "pendingPercent": 0,
    "other": 0,
    "hasOther": false,
    "skipped": 0,
    "hasSkipped": false
  },
  "results": [
    {
      "uuid": "54660cd2-0882-4d97-bd18-d9e1ecf01d65",
      "title": "",
      "fullFile": "cypress\\e2e\\tests\\alertsHandle.cy.js",
      "file": "cypress\\e2e\\tests\\alertsHandle.cy.js",
      "beforeHooks": [],
      "afterHooks": [],
      "tests": [],
      "suites": [
        {
          "uuid": "d028b821-91b8-462d-8858-2b12affae0e1",
          "title": "Alerts",
          "fullFile": "",
          "file": "",
          "beforeHooks": [],
          "afterHooks": [],
          "tests": [
            {
              "title": "Alerts 1, Smoke",
              "fullTitle": "Alerts Alerts 1, Smoke",
              "timedOut": null,
              "duration": 4031,
              "state": "passed",
              "speed": "fast",
              "pass": true,
              "fail": false,
              "pending": false,
              "context": null,
              "code": "// Normal alert\ncy.visit('https://the-internet.herokuapp.com/javascript_alerts');\ncy.get(\"button[onclick='jsAlert()']\").click();\ncy.on('window:alert', t => {\n  expect(t).contains('I am a JS Alert');\n});\ncy.get(\"#result\").should('contain', 'You successfully clicked an alert');\n//TDD assertion\n//     cy.get(\"#result\").then((x)=>{\n//        let actMsg = x.text()\n//        let expMsg = 'You successfully clicked an alert'\n//        assert.equal(actMsg, expMsg)\n// })",
              "err": {},
              "uuid": "16a19f09-befe-4245-8c62-aef6d569a0e7",
              "parentUUID": "d028b821-91b8-462d-8858-2b12affae0e1",
              "isHook": false,
              "skipped": false
            },
            {
              "title": "Alerts Confirm",
              "fullTitle": "Alerts Alerts Confirm",
              "timedOut": null,
              "duration": 257,
              "state": "passed",
              "speed": "fast",
              "pass": true,
              "fail": false,
              "pending": false,
              "context": null,
              "code": "cy.visit('https://the-internet.herokuapp.com/javascript_alerts');\ncy.get(\"button[onclick='jsConfirm()']\").click();\ncy.on('window:confirm', t => {\n  expect(t).contains('I am a JS Confirm');\n  cy.on('window:alert', () => \"false\");\n});\ncy.get('#result').should('contain', 'You clicked: Ok');",
              "err": {},
              "uuid": "d130eb62-d3a4-4fda-80a0-bf01c5cd3743",
              "parentUUID": "d028b821-91b8-462d-8858-2b12affae0e1",
              "isHook": false,
              "skipped": false
            }
          ],
          "suites": [],
          "passes": [
            "16a19f09-befe-4245-8c62-aef6d569a0e7",
            "d130eb62-d3a4-4fda-80a0-bf01c5cd3743"
          ],
          "failures": [],
          "pending": [],
          "skipped": [],
          "duration": 4288,
          "root": false,
          "rootEmpty": false,
          "_timeout": 2000
        }
      ],
      "passes": [],
      "failures": [],
      "pending": [],
      "skipped": [],
      "duration": 0,
      "root": true,
      "rootEmpty": true,
      "_timeout": 2000
    }
  ],
  "meta": {
    "mocha": {
      "version": "7.0.1"
    },
    "mochawesome": {
      "options": {
        "quiet": false,
        "reportFilename": "mochawesome",
        "saveHtml": false,
        "saveJson": true,
        "consoleReporter": "spec",
        "useInlineDiffs": false,
        "code": true
      },
      "version": "7.1.3"
    },
    "marge": {
      "options": {
        "overwrite": false,
        "html": false,
        "json": true,
        "reportDir": "cypress\\reports\\html\\.jsons"
      },
      "version": "6.2.0"
    }
  }
}