{
  "stats": {
    "suites": 2,
    "tests": 2,
    "passes": 2,
    "pending": 0,
    "failures": 0,
    "start": "2024-06-10T15:52:53.949Z",
    "end": "2024-06-10T15:52:59.678Z",
    "duration": 5729,
    "testsRegistered": 2,
    "passPercent": 100,
    "pendingPercent": 0,
    "other": 0,
    "hasOther": false,
    "skipped": 0,
    "hasSkipped": false
  },
  "results": [
    {
      "uuid": "c2ae68a9-5568-4d64-8295-4bf61ef1a12d",
      "title": "",
      "fullFile": "cypress\\e2e\\tests\\checkBoxRadioButton.cy.js",
      "file": "cypress\\e2e\\tests\\checkBoxRadioButton.cy.js",
      "beforeHooks": [],
      "afterHooks": [],
      "tests": [],
      "suites": [
        {
          "uuid": "fd128361-c517-42e9-818b-800e3d8ec7fd",
          "title": "Radiobutton",
          "fullFile": "",
          "file": "",
          "beforeHooks": [],
          "afterHooks": [],
          "tests": [
            {
              "title": "Radiobutton 1",
              "fullTitle": "Radiobutton Radiobutton 1",
              "timedOut": null,
              "duration": 4534,
              "state": "passed",
              "speed": "fast",
              "pass": true,
              "fail": false,
              "pending": false,
              "context": null,
              "code": "cy.visit(\"https://naveenautomationlabs.com/opencart/index.php?route=account/register\");\ncy.get(\"input[value='1'][name='newsletter']\").should('be.visible');\ncy.get(\"input[value='1'][name='newsletter']\").check().should('be.checked');\ncy.get(\"input[value='0'][name='newsletter']\").should('not.be.checked');\ncy.get(\"input[value='0'][name='newsletter']\").check().should('be.checked');\ncy.get(\"input[value='1'][name='newsletter']\").should('not.be.checked');\ncy.xpath(\"//input[@name='agree']\").should('not.be.checked');\ncy.xpath(\"//input[@name='agree']\").check().should('be.checked');",
              "err": {},
              "uuid": "63e30b82-0da3-4cba-86e8-0e764d52d307",
              "parentUUID": "fd128361-c517-42e9-818b-800e3d8ec7fd",
              "isHook": false,
              "skipped": false
            }
          ],
          "suites": [],
          "passes": [
            "63e30b82-0da3-4cba-86e8-0e764d52d307"
          ],
          "failures": [],
          "pending": [],
          "skipped": [],
          "duration": 4534,
          "root": false,
          "rootEmpty": false,
          "_timeout": 2000
        },
        {
          "uuid": "a26a1e77-350d-4d3d-89a1-2a99739a7621",
          "title": "Radiobutton 2",
          "fullFile": "",
          "file": "",
          "beforeHooks": [],
          "afterHooks": [],
          "tests": [
            {
              "title": "Radiobutton",
              "fullTitle": "Radiobutton 2 Radiobutton",
              "timedOut": null,
              "duration": 1085,
              "state": "passed",
              "speed": "fast",
              "pass": true,
              "fail": false,
              "pending": false,
              "context": null,
              "code": "cy.visit(\"https://naveenautomationlabs.com/opencart/index.php?route=account/register\");\ncy.get(\"input[value='Continue']\").click();\ncy.xpath(\"//input[@name='agree']\").should('not.be.checked');\ncy.get('.alert.alert-danger.alert-dismissible').should('contain', 'Warning: You must agree');\ncy.xpath(\"//input[@name='agree']\").check().should('be.checked');",
              "err": {},
              "uuid": "49877002-9ef2-4b8c-b464-641d449403dc",
              "parentUUID": "a26a1e77-350d-4d3d-89a1-2a99739a7621",
              "isHook": false,
              "skipped": false
            }
          ],
          "suites": [],
          "passes": [
            "49877002-9ef2-4b8c-b464-641d449403dc"
          ],
          "failures": [],
          "pending": [],
          "skipped": [],
          "duration": 1085,
          "root": false,
          "rootEmpty": false,
          "_timeout": 2000
        }
      ],
      "passes": [],
      "failures": [],
      "pending": [],
      "skipped": [],
      "duration": 0,
      "root": true,
      "rootEmpty": true,
      "_timeout": 2000
    }
  ],
  "meta": {
    "mocha": {
      "version": "7.0.1"
    },
    "mochawesome": {
      "options": {
        "quiet": false,
        "reportFilename": "mochawesome",
        "saveHtml": false,
        "saveJson": true,
        "consoleReporter": "spec",
        "useInlineDiffs": false,
        "code": true
      },
      "version": "7.1.3"
    },
    "marge": {
      "options": {
        "overwrite": false,
        "html": false,
        "json": true,
        "reportDir": "cypress\\reports\\html\\.jsons"
      },
      "version": "6.2.0"
    }
  }
}