{
  "stats": {
    "suites": 1,
    "tests": 2,
    "passes": 2,
    "pending": 0,
    "failures": 0,
    "start": "2024-06-03T17:53:28.614Z",
    "end": "2024-06-03T17:53:31.705Z",
    "duration": 3091,
    "testsRegistered": 2,
    "passPercent": 100,
    "pendingPercent": 0,
    "other": 0,
    "hasOther": false,
    "skipped": 0,
    "hasSkipped": false
  },
  "results": [
    {
      "uuid": "1381e648-f0be-4291-8e7a-44f30a863dc1",
      "title": "",
      "fullFile": "cypress\\e2e\\tests\\alertsHandle.cy.js",
      "file": "cypress\\e2e\\tests\\alertsHandle.cy.js",
      "beforeHooks": [],
      "afterHooks": [],
      "tests": [],
      "suites": [
        {
          "uuid": "96f3c684-cf1e-45d3-8e59-4b7c9c285841",
          "title": "Alerts",
          "fullFile": "",
          "file": "",
          "beforeHooks": [],
          "afterHooks": [],
          "tests": [
            {
              "title": "Alerts 1",
              "fullTitle": "Alerts Alerts 1",
              "timedOut": null,
              "duration": 769,
              "state": "passed",
              "speed": "fast",
              "pass": true,
              "fail": false,
              "pending": false,
              "context": null,
              "code": "// Normal alert\ncy.visit('https://the-internet.herokuapp.com/javascript_alerts');\ncy.get(\"button[onclick='jsAlert()']\").click();\ncy.on('window:alert', t => {\n  expect(t).contains('I am a JS Alert');\n});\ncy.get(\"#result\").should('contain', 'You successfully clicked an alert');\n//TDD assertion\n//     cy.get(\"#result\").then((x)=>{\n//        let actMsg = x.text()\n//        let expMsg = 'You successfully clicked an alert'\n//        assert.equal(actMsg, expMsg)\n// })",
              "err": {},
              "uuid": "1a4b8db0-9f09-4866-908f-496eccb5e8c7",
              "parentUUID": "96f3c684-cf1e-45d3-8e59-4b7c9c285841",
              "isHook": false,
              "skipped": false
            },
            {
              "title": "Alerts Confirm",
              "fullTitle": "Alerts Alerts Confirm",
              "timedOut": null,
              "duration": 244,
              "state": "passed",
              "speed": "fast",
              "pass": true,
              "fail": false,
              "pending": false,
              "context": null,
              "code": "cy.visit('https://the-internet.herokuapp.com/javascript_alerts');\ncy.get(\"button[onclick='jsConfirm()']\").click();\ncy.on('window:confirm', t => {\n  expect(t).contains('I am a JS Confirm');\n  cy.on('window:alert', () => \"false\");\n});\ncy.get('#result').should('contain', 'You clicked: Ok');",
              "err": {},
              "uuid": "0724fdd7-657c-4692-90d8-4fb3a751bea8",
              "parentUUID": "96f3c684-cf1e-45d3-8e59-4b7c9c285841",
              "isHook": false,
              "skipped": false
            }
          ],
          "suites": [],
          "passes": [
            "1a4b8db0-9f09-4866-908f-496eccb5e8c7",
            "0724fdd7-657c-4692-90d8-4fb3a751bea8"
          ],
          "failures": [],
          "pending": [],
          "skipped": [],
          "duration": 1013,
          "root": false,
          "rootEmpty": false,
          "_timeout": 2000
        }
      ],
      "passes": [],
      "failures": [],
      "pending": [],
      "skipped": [],
      "duration": 0,
      "root": true,
      "rootEmpty": true,
      "_timeout": 2000
    }
  ],
  "meta": {
    "mocha": {
      "version": "7.0.1"
    },
    "mochawesome": {
      "options": {
        "quiet": false,
        "reportFilename": "mochawesome",
        "saveHtml": false,
        "saveJson": true,
        "consoleReporter": "spec",
        "useInlineDiffs": false,
        "code": true
      },
      "version": "7.1.3"
    },
    "marge": {
      "options": {
        "overwrite": false,
        "html": false,
        "json": true,
        "reportDir": "cypress\\reports\\html\\.jsons"
      },
      "version": "6.2.0"
    }
  }
}