{
  "stats": {
    "suites": 1,
    "tests": 1,
    "passes": 1,
    "pending": 1,
    "failures": -1,
    "start": "2024-06-03T18:24:09.269Z",
    "end": "2024-06-03T18:24:12.022Z",
    "duration": 2753,
    "testsRegistered": 2,
    "passPercent": 100,
    "pendingPercent": 50,
    "other": 1,
    "hasOther": true,
    "skipped": 0,
    "hasSkipped": false
  },
  "results": [
    {
      "uuid": "cf3341f1-939e-446e-8e6b-6a5d8ebd7f14",
      "title": "",
      "fullFile": "cypress\\e2e\\tests\\alertsHandle.cy.js",
      "file": "cypress\\e2e\\tests\\alertsHandle.cy.js",
      "beforeHooks": [],
      "afterHooks": [],
      "tests": [],
      "suites": [
        {
          "uuid": "57420505-092b-445e-a1bc-50add0f20d81",
          "title": "Alerts",
          "fullFile": "",
          "file": "",
          "beforeHooks": [],
          "afterHooks": [],
          "tests": [
            {
              "title": "Alerts 1, Smoke",
              "fullTitle": "Alerts Alerts 1, Smoke",
              "timedOut": null,
              "duration": 0,
              "state": "pending",
              "speed": null,
              "pass": false,
              "fail": false,
              "pending": true,
              "context": null,
              "code": "// Normal alert\ncy.visit('https://the-internet.herokuapp.com/javascript_alerts');\ncy.get(\"button[onclick='jsAlert()']\").click();\ncy.on('window:alert', t => {\n  expect(t).contains('I am a JS Alert');\n});\ncy.get(\"#result\").should('contain', 'You successfully clicked an alert');\n//TDD assertion\n//     cy.get(\"#result\").then((x)=>{\n//        let actMsg = x.text()\n//        let expMsg = 'You successfully clicked an alert'\n//        assert.equal(actMsg, expMsg)\n// })",
              "err": {},
              "uuid": "9fb82c73-a11e-4ac2-b508-5a723eb0abce",
              "parentUUID": "57420505-092b-445e-a1bc-50add0f20d81",
              "isHook": false,
              "skipped": false
            },
            {
              "title": "Alerts Confirm",
              "fullTitle": "Alerts Alerts Confirm",
              "timedOut": null,
              "duration": 702,
              "state": "passed",
              "speed": "fast",
              "pass": true,
              "fail": false,
              "pending": false,
              "context": null,
              "code": "cy.visit('https://the-internet.herokuapp.com/javascript_alerts');\ncy.get(\"button[onclick='jsConfirm()']\").click();\ncy.on('window:confirm', t => {\n  expect(t).contains('I am a JS Confirm');\n  cy.on('window:alert', () => \"false\");\n});\ncy.get('#result').should('contain', 'You clicked: Ok');",
              "err": {},
              "uuid": "392407bd-87a0-4294-9c51-095d3297ab27",
              "parentUUID": "57420505-092b-445e-a1bc-50add0f20d81",
              "isHook": false,
              "skipped": false
            }
          ],
          "suites": [],
          "passes": [
            "392407bd-87a0-4294-9c51-095d3297ab27"
          ],
          "failures": [],
          "pending": [
            "9fb82c73-a11e-4ac2-b508-5a723eb0abce"
          ],
          "skipped": [],
          "duration": 702,
          "root": false,
          "rootEmpty": false,
          "_timeout": 2000
        }
      ],
      "passes": [],
      "failures": [],
      "pending": [],
      "skipped": [],
      "duration": 0,
      "root": true,
      "rootEmpty": true,
      "_timeout": 2000
    }
  ],
  "meta": {
    "mocha": {
      "version": "7.0.1"
    },
    "mochawesome": {
      "options": {
        "quiet": false,
        "reportFilename": "mochawesome",
        "saveHtml": false,
        "saveJson": true,
        "consoleReporter": "spec",
        "useInlineDiffs": false,
        "code": true
      },
      "version": "7.1.3"
    },
    "marge": {
      "options": {
        "overwrite": false,
        "html": false,
        "json": true,
        "reportDir": "cypress\\reports\\html\\.jsons"
      },
      "version": "6.2.0"
    }
  }
}