{
  "stats": {
    "suites": 1,
    "tests": 1,
    "passes": 1,
    "pending": 0,
    "failures": 0,
    "start": "2024-06-10T16:39:33.259Z",
    "end": "2024-06-10T16:39:40.246Z",
    "duration": 6987,
    "testsRegistered": 1,
    "passPercent": 100,
    "pendingPercent": 0,
    "other": 0,
    "hasOther": false,
    "skipped": 0,
    "hasSkipped": false
  },
  "results": [
    {
      "uuid": "076d5c71-7fe1-4d6e-b2db-bd3a585a0df5",
      "title": "",
      "fullFile": "cypress\\e2e\\tests\\regressionTest.cy.js",
      "file": "cypress\\e2e\\tests\\regressionTest.cy.js",
      "beforeHooks": [],
      "afterHooks": [],
      "tests": [],
      "suites": [
        {
          "uuid": "b2dba849-8a41-4f10-b65c-098798786fed",
          "title": "regression test",
          "fullFile": "",
          "file": "",
          "beforeHooks": [],
          "afterHooks": [],
          "tests": [
            {
              "title": "regression test",
              "fullTitle": "regression test regression test",
              "timedOut": null,
              "duration": 3915,
              "state": "passed",
              "speed": "fast",
              "pass": true,
              "fail": false,
              "pending": false,
              "context": "{\n  \"title\": \"cypress-mochawesome-reporter-videos-passed\",\n  \"value\": \"cypress\\\\e2e\\\\tests\\\\regressionTest.cy.js\"\n}",
              "code": "loginOBJ.openBrowser();\nloginOBJ.verifyHRMLogo();\nloginOBJ.enterUserName(_loginData.default.userName);\nloginOBJ.enterPassword(_loginData.default.password);\nloginOBJ.selectLoginBtn();",
              "err": {},
              "uuid": "8b4a8374-df22-424d-99b8-e116451139ff",
              "parentUUID": "b2dba849-8a41-4f10-b65c-098798786fed",
              "isHook": false,
              "skipped": false
            }
          ],
          "suites": [],
          "passes": [
            "8b4a8374-df22-424d-99b8-e116451139ff"
          ],
          "failures": [],
          "pending": [],
          "skipped": [],
          "duration": 3915,
          "root": false,
          "rootEmpty": false,
          "_timeout": 2000
        }
      ],
      "passes": [],
      "failures": [],
      "pending": [],
      "skipped": [],
      "duration": 0,
      "root": true,
      "rootEmpty": true,
      "_timeout": 2000
    }
  ],
  "meta": {
    "mocha": {
      "version": "7.0.1"
    },
    "mochawesome": {
      "options": {
        "quiet": false,
        "reportFilename": "mochawesome",
        "saveHtml": false,
        "saveJson": true,
        "consoleReporter": "spec",
        "useInlineDiffs": false,
        "code": true
      },
      "version": "7.1.3"
    },
    "marge": {
      "options": {
        "overwrite": false,
        "html": false,
        "json": true,
        "reportDir": "cypress\\reports\\html\\.jsons"
      },
      "version": "6.2.0"
    }
  }
}