{
  "stats": {
    "suites": 1,
    "tests": 1,
    "passes": 0,
    "pending": 1,
    "failures": 0,
    "start": "2024-06-03T18:28:52.098Z",
    "end": "2024-06-03T18:28:52.120Z",
    "duration": 22,
    "testsRegistered": 1,
    "passPercent": null,
    "pendingPercent": 100,
    "other": 0,
    "hasOther": false,
    "skipped": 0,
    "hasSkipped": false
  },
  "results": [
    {
      "uuid": "905034ff-6698-4b1b-b12c-262ca76f0a7d",
      "title": "",
      "fullFile": "cypress\\e2e\\tests\\footorLink.cy.js",
      "file": "cypress\\e2e\\tests\\footorLink.cy.js",
      "beforeHooks": [],
      "afterHooks": [],
      "tests": [],
      "suites": [
        {
          "uuid": "33ad7b23-5ee8-4de8-8a27-05f97b475be1",
          "title": "Footer links",
          "fullFile": "",
          "file": "",
          "beforeHooks": [],
          "afterHooks": [],
          "tests": [
            {
              "title": "Footor links",
              "fullTitle": "Footer links Footor links",
              "timedOut": null,
              "duration": 0,
              "state": "pending",
              "speed": null,
              "pass": false,
              "fail": false,
              "pending": true,
              "context": null,
              "code": "cy.visit(\"https://naveenautomationlabs.com/opencart/index.php?route=product/category&path=57\");\ncy.get(\".dropdown-menu\").should('have.length', 7);\ncy.get(\".dropdown-menu\").contains('Monitors').click({\n  force: true\n});",
              "err": {},
              "uuid": "0e6ab5ce-313c-41ef-89cf-12423add4e7e",
              "parentUUID": "33ad7b23-5ee8-4de8-8a27-05f97b475be1",
              "isHook": false,
              "skipped": false
            }
          ],
          "suites": [],
          "passes": [],
          "failures": [],
          "pending": [
            "0e6ab5ce-313c-41ef-89cf-12423add4e7e"
          ],
          "skipped": [],
          "duration": 0,
          "root": false,
          "rootEmpty": false,
          "_timeout": 2000
        }
      ],
      "passes": [],
      "failures": [],
      "pending": [],
      "skipped": [],
      "duration": 0,
      "root": true,
      "rootEmpty": true,
      "_timeout": 2000
    }
  ],
  "meta": {
    "mocha": {
      "version": "7.0.1"
    },
    "mochawesome": {
      "options": {
        "quiet": false,
        "reportFilename": "mochawesome",
        "saveHtml": false,
        "saveJson": true,
        "consoleReporter": "spec",
        "useInlineDiffs": false,
        "code": true
      },
      "version": "7.1.3"
    },
    "marge": {
      "options": {
        "overwrite": false,
        "html": false,
        "json": true,
        "reportDir": "cypress\\reports\\html\\.jsons"
      },
      "version": "6.2.0"
    }
  }
}