{
  "stats": {
    "suites": 1,
    "tests": 1,
    "passes": 1,
    "pending": 0,
    "failures": 0,
    "start": "2024-06-10T15:46:26.820Z",
    "end": "2024-06-10T15:46:32.111Z",
    "duration": 5291,
    "testsRegistered": 1,
    "passPercent": 100,
    "pendingPercent": 0,
    "other": 0,
    "hasOther": false,
    "skipped": 0,
    "hasSkipped": false
  },
  "results": [
    {
      "uuid": "8ad60fc5-577d-401b-8851-84900890a14d",
      "title": "",
      "fullFile": "cypress\\e2e\\tests\\regressionTestNaveen.cy.js",
      "file": "cypress\\e2e\\tests\\regressionTestNaveen.cy.js",
      "beforeHooks": [],
      "afterHooks": [],
      "tests": [],
      "suites": [
        {
          "uuid": "7d881de5-3fe5-43fb-a8d1-32f8f43a5556",
          "title": "regression Naveen test",
          "fullFile": "",
          "file": "",
          "beforeHooks": [],
          "afterHooks": [],
          "tests": [
            {
              "title": "regression Naveen test",
              "fullTitle": "regression Naveen test regression Naveen test",
              "timedOut": null,
              "duration": 5255,
              "state": "passed",
              "speed": "medium",
              "pass": true,
              "fail": false,
              "pending": false,
              "context": null,
              "code": "loginOBJ.openBrowser();\nloginOBJ.verifyNaveenLogo();\nloginOBJ.enterUserName(_loginDataNaveen.default.userName);\nloginOBJ.enterPassword(_loginDataNaveen.default.password);\nloginOBJ.selectLoginBtn();",
              "err": {},
              "uuid": "eeb1060e-cfb2-46d5-826b-6686a57e2614",
              "parentUUID": "7d881de5-3fe5-43fb-a8d1-32f8f43a5556",
              "isHook": false,
              "skipped": false
            }
          ],
          "suites": [],
          "passes": [
            "eeb1060e-cfb2-46d5-826b-6686a57e2614"
          ],
          "failures": [],
          "pending": [],
          "skipped": [],
          "duration": 5255,
          "root": false,
          "rootEmpty": false,
          "_timeout": 2000
        }
      ],
      "passes": [],
      "failures": [],
      "pending": [],
      "skipped": [],
      "duration": 0,
      "root": true,
      "rootEmpty": true,
      "_timeout": 2000
    }
  ],
  "meta": {
    "mocha": {
      "version": "7.0.1"
    },
    "mochawesome": {
      "options": {
        "quiet": false,
        "reportFilename": "mochawesome",
        "saveHtml": false,
        "saveJson": true,
        "consoleReporter": "spec",
        "useInlineDiffs": false,
        "code": true
      },
      "version": "7.1.3"
    },
    "marge": {
      "options": {
        "overwrite": false,
        "html": false,
        "json": true,
        "reportDir": "cypress\\reports\\html\\.jsons"
      },
      "version": "6.2.0"
    }
  }
}