{
  "stats": {
    "suites": 2,
    "tests": 2,
    "passes": 2,
    "pending": 0,
    "failures": 0,
    "start": "2024-06-03T18:06:39.890Z",
    "end": "2024-06-03T18:06:46.195Z",
    "duration": 6305,
    "testsRegistered": 2,
    "passPercent": 100,
    "pendingPercent": 0,
    "other": 0,
    "hasOther": false,
    "skipped": 0,
    "hasSkipped": false
  },
  "results": [
    {
      "uuid": "fcb0db63-e9c7-443a-9092-8d6d57f36f5e",
      "title": "",
      "fullFile": "cypress\\e2e\\tests\\checkBoxRadioButton.cy.js",
      "file": "cypress\\e2e\\tests\\checkBoxRadioButton.cy.js",
      "beforeHooks": [],
      "afterHooks": [],
      "tests": [],
      "suites": [
        {
          "uuid": "050fd214-244e-4da6-9262-e74514fd4834",
          "title": "Radiobutton",
          "fullFile": "",
          "file": "",
          "beforeHooks": [],
          "afterHooks": [],
          "tests": [
            {
              "title": "Radiobutton 1",
              "fullTitle": "Radiobutton Radiobutton 1",
              "timedOut": null,
              "duration": 5169,
              "state": "passed",
              "speed": "medium",
              "pass": true,
              "fail": false,
              "pending": false,
              "context": null,
              "code": "cy.visit(\"https://naveenautomationlabs.com/opencart/index.php?route=account/register\");\ncy.get(\"input[value='1'][name='newsletter']\").should('be.visible');\ncy.get(\"input[value='1'][name='newsletter']\").check().should('be.checked');\ncy.get(\"input[value='0'][name='newsletter']\").should('not.be.checked');\ncy.get(\"input[value='0'][name='newsletter']\").check().should('be.checked');\ncy.get(\"input[value='1'][name='newsletter']\").should('not.be.checked');\ncy.xpath(\"//input[@name='agree']\").should('not.be.checked');\ncy.xpath(\"//input[@name='agree']\").check().should('be.checked');",
              "err": {},
              "uuid": "7fa69861-fa45-410f-b008-e8f4e4fa73ee",
              "parentUUID": "050fd214-244e-4da6-9262-e74514fd4834",
              "isHook": false,
              "skipped": false
            }
          ],
          "suites": [],
          "passes": [
            "7fa69861-fa45-410f-b008-e8f4e4fa73ee"
          ],
          "failures": [],
          "pending": [],
          "skipped": [],
          "duration": 5169,
          "root": false,
          "rootEmpty": false,
          "_timeout": 2000
        },
        {
          "uuid": "56a7c4f8-56e5-4d9c-b487-74771ef22d66",
          "title": "Radiobutton 2",
          "fullFile": "",
          "file": "",
          "beforeHooks": [],
          "afterHooks": [],
          "tests": [
            {
              "title": "Radiobutton",
              "fullTitle": "Radiobutton 2 Radiobutton",
              "timedOut": null,
              "duration": 1064,
              "state": "passed",
              "speed": "fast",
              "pass": true,
              "fail": false,
              "pending": false,
              "context": null,
              "code": "cy.visit(\"https://naveenautomationlabs.com/opencart/index.php?route=account/register\");\ncy.get(\"input[value='Continue']\").click();\ncy.xpath(\"//input[@name='agree']\").should('not.be.checked');\ncy.get('.alert.alert-danger.alert-dismissible').should('contain', 'Warning: You must agree');\ncy.xpath(\"//input[@name='agree']\").check().should('be.checked');",
              "err": {},
              "uuid": "454e72da-99a2-42ac-b104-622121043f4b",
              "parentUUID": "56a7c4f8-56e5-4d9c-b487-74771ef22d66",
              "isHook": false,
              "skipped": false
            }
          ],
          "suites": [],
          "passes": [
            "454e72da-99a2-42ac-b104-622121043f4b"
          ],
          "failures": [],
          "pending": [],
          "skipped": [],
          "duration": 1064,
          "root": false,
          "rootEmpty": false,
          "_timeout": 2000
        }
      ],
      "passes": [],
      "failures": [],
      "pending": [],
      "skipped": [],
      "duration": 0,
      "root": true,
      "rootEmpty": true,
      "_timeout": 2000
    }
  ],
  "meta": {
    "mocha": {
      "version": "7.0.1"
    },
    "mochawesome": {
      "options": {
        "quiet": false,
        "reportFilename": "mochawesome",
        "saveHtml": false,
        "saveJson": true,
        "consoleReporter": "spec",
        "useInlineDiffs": false,
        "code": true
      },
      "version": "7.1.3"
    },
    "marge": {
      "options": {
        "overwrite": false,
        "html": false,
        "json": true,
        "reportDir": "cypress\\reports\\html\\.jsons"
      },
      "version": "6.2.0"
    }
  }
}