{
  "stats": {
    "suites": 1,
    "tests": 1,
    "passes": 1,
    "pending": 0,
    "failures": 0,
    "start": "2024-06-03T18:03:59.401Z",
    "end": "2024-06-03T18:04:07.618Z",
    "duration": 8217,
    "testsRegistered": 1,
    "passPercent": 100,
    "pendingPercent": 0,
    "other": 0,
    "hasOther": false,
    "skipped": 0,
    "hasSkipped": false
  },
  "results": [
    {
      "uuid": "a4c7184e-0549-4bfa-8573-a4bc177beb60",
      "title": "",
      "fullFile": "cypress\\e2e\\tests\\locatorsXpathCSSValidation.cy.js",
      "file": "cypress\\e2e\\tests\\locatorsXpathCSSValidation.cy.js",
      "beforeHooks": [],
      "afterHooks": [],
      "tests": [],
      "suites": [
        {
          "uuid": "54300922-16cb-46b3-a5e6-fd9098514c99",
          "title": "locator Xpath",
          "fullFile": "",
          "file": "",
          "beforeHooks": [],
          "afterHooks": [],
          "tests": [
            {
              "title": "locator Xpath",
              "fullTitle": "locator Xpath locator Xpath",
              "timedOut": null,
              "duration": 5618,
              "state": "passed",
              "speed": "medium",
              "pass": true,
              "fail": false,
              "pending": false,
              "context": null,
              "code": "cy.visit('https://www.google.com/');\ncy.title().should('include', 'Google');\n// cy.title().should('contain','Google')\n// cy.title().should('eq','Google')\ncy.url().should('contain', 'google.com').and('eq', 'https://www.google.com/').and('include', 'www.google');\ncy.xpath(\"//textarea[@id='APjFqb']\").type('macbook');\ncy.xpath(\"//div[@id='Alh6id']//li\").should('have.length', 10);\ncy.get('.lnXdpd').should('be.visible');\ncy.xpath(\"//textarea[@id='APjFqb']\").clear().type('macbook');\ncy.wait(3000);\n// cy.xpath(\"//div[@id='Alh6id']//li\").contains('MacBook Air').click() //Static options to select the text\ncy.xpath(\"//div[@id='Alh6id']//li\").each(($el, index, $list) => {\n  // dynamic options to select\n  // cy.log($el.text)\n  if ($el.text() == 'MacBook') {\n    cy.wrap($el).click();\n  }\n});",
              "err": {},
              "uuid": "b62f900c-fdee-417c-8807-25496c6cb743",
              "parentUUID": "54300922-16cb-46b3-a5e6-fd9098514c99",
              "isHook": false,
              "skipped": false
            }
          ],
          "suites": [],
          "passes": [
            "b62f900c-fdee-417c-8807-25496c6cb743"
          ],
          "failures": [],
          "pending": [],
          "skipped": [],
          "duration": 5618,
          "root": false,
          "rootEmpty": false,
          "_timeout": 2000
        }
      ],
      "passes": [],
      "failures": [],
      "pending": [],
      "skipped": [],
      "duration": 0,
      "root": true,
      "rootEmpty": true,
      "_timeout": 2000
    }
  ],
  "meta": {
    "mocha": {
      "version": "7.0.1"
    },
    "mochawesome": {
      "options": {
        "quiet": false,
        "reportFilename": "mochawesome",
        "saveHtml": false,
        "saveJson": true,
        "consoleReporter": "spec",
        "useInlineDiffs": false,
        "code": true
      },
      "version": "7.1.3"
    },
    "marge": {
      "options": {
        "overwrite": false,
        "html": false,
        "json": true,
        "reportDir": "cypress\\reports\\html\\.jsons"
      },
      "version": "6.2.0"
    }
  }
}