{
  "stats": {
    "suites": 1,
    "tests": 1,
    "passes": 1,
    "pending": 0,
    "failures": 0,
    "start": "2024-06-10T15:53:10.614Z",
    "end": "2024-06-10T15:53:19.367Z",
    "duration": 8753,
    "testsRegistered": 1,
    "passPercent": 100,
    "pendingPercent": 0,
    "other": 0,
    "hasOther": false,
    "skipped": 0,
    "hasSkipped": false
  },
  "results": [
    {
      "uuid": "b6a2b52f-621f-4364-8cae-3940affc3e66",
      "title": "",
      "fullFile": "cypress\\e2e\\tests\\locatorsXpathCSSValidation.cy.js",
      "file": "cypress\\e2e\\tests\\locatorsXpathCSSValidation.cy.js",
      "beforeHooks": [],
      "afterHooks": [],
      "tests": [],
      "suites": [
        {
          "uuid": "01af428e-3473-4669-814b-3bb84a2cf02f",
          "title": "locator Xpath",
          "fullFile": "",
          "file": "",
          "beforeHooks": [],
          "afterHooks": [],
          "tests": [
            {
              "title": "locator Xpath",
              "fullTitle": "locator Xpath locator Xpath",
              "timedOut": null,
              "duration": 6287,
              "state": "passed",
              "speed": "medium",
              "pass": true,
              "fail": false,
              "pending": false,
              "context": null,
              "code": "cy.visit('https://www.google.com/');\ncy.title().should('include', 'Google');\n// cy.title().should('contain','Google')\n// cy.title().should('eq','Google')\ncy.url().should('contain', 'google.com').and('eq', 'https://www.google.com/').and('include', 'www.google');\ncy.xpath(\"//textarea[@id='APjFqb']\").type('macbook');\ncy.xpath(\"//div[@id='Alh6id']//li\").should('have.length', 10);\ncy.get('.lnXdpd').should('be.visible');\ncy.xpath(\"//textarea[@id='APjFqb']\").clear().type('macbook');\ncy.wait(3000);\n// cy.xpath(\"//div[@id='Alh6id']//li\").contains('MacBook Air').click() //Static options to select the text\ncy.xpath(\"//div[@id='Alh6id']//li\").each(($el, index, $list) => {\n  // dynamic options to select\n  // cy.log($el.text)\n  if ($el.text() == 'MacBook') {\n    cy.wrap($el).click();\n  }\n});",
              "err": {},
              "uuid": "9696a004-c5af-49d4-9a9f-561e4ee12cdb",
              "parentUUID": "01af428e-3473-4669-814b-3bb84a2cf02f",
              "isHook": false,
              "skipped": false
            }
          ],
          "suites": [],
          "passes": [
            "9696a004-c5af-49d4-9a9f-561e4ee12cdb"
          ],
          "failures": [],
          "pending": [],
          "skipped": [],
          "duration": 6287,
          "root": false,
          "rootEmpty": false,
          "_timeout": 2000
        }
      ],
      "passes": [],
      "failures": [],
      "pending": [],
      "skipped": [],
      "duration": 0,
      "root": true,
      "rootEmpty": true,
      "_timeout": 2000
    }
  ],
  "meta": {
    "mocha": {
      "version": "7.0.1"
    },
    "mochawesome": {
      "options": {
        "quiet": false,
        "reportFilename": "mochawesome",
        "saveHtml": false,
        "saveJson": true,
        "consoleReporter": "spec",
        "useInlineDiffs": false,
        "code": true
      },
      "version": "7.1.3"
    },
    "marge": {
      "options": {
        "overwrite": false,
        "html": false,
        "json": true,
        "reportDir": "cypress\\reports\\html\\.jsons"
      },
      "version": "6.2.0"
    }
  }
}