{
  "stats": {
    "suites": 1,
    "tests": 1,
    "passes": 1,
    "pending": 0,
    "failures": 0,
    "start": "2024-06-03T18:26:00.885Z",
    "end": "2024-06-03T18:26:05.296Z",
    "duration": 4411,
    "testsRegistered": 1,
    "passPercent": 100,
    "pendingPercent": 0,
    "other": 0,
    "hasOther": false,
    "skipped": 0,
    "hasSkipped": false
  },
  "results": [
    {
      "uuid": "2b00ba93-d489-4665-a460-565aef1fcb6f",
      "title": "",
      "fullFile": "cypress\\e2e\\tests\\regressionTestNaveen.cy.js",
      "file": "cypress\\e2e\\tests\\regressionTestNaveen.cy.js",
      "beforeHooks": [],
      "afterHooks": [],
      "tests": [],
      "suites": [
        {
          "uuid": "383f4a27-c7b1-4dce-9175-190a733c50bd",
          "title": "regression Naveen test",
          "fullFile": "",
          "file": "",
          "beforeHooks": [],
          "afterHooks": [],
          "tests": [
            {
              "title": "regression Naveen test",
              "fullTitle": "regression Naveen test regression Naveen test",
              "timedOut": null,
              "duration": 4389,
              "state": "passed",
              "speed": "fast",
              "pass": true,
              "fail": false,
              "pending": false,
              "context": null,
              "code": "loginOBJ.openBrowser();\nloginOBJ.verifyNaveenLogo();\nloginOBJ.enterUserName(_loginDataNaveen.default.userName);\nloginOBJ.enterPassword(_loginDataNaveen.default.password);\nloginOBJ.selectLoginBtn();",
              "err": {},
              "uuid": "4e5b1362-f7fa-4c78-bef4-cfbbc313ccb9",
              "parentUUID": "383f4a27-c7b1-4dce-9175-190a733c50bd",
              "isHook": false,
              "skipped": false
            }
          ],
          "suites": [],
          "passes": [
            "4e5b1362-f7fa-4c78-bef4-cfbbc313ccb9"
          ],
          "failures": [],
          "pending": [],
          "skipped": [],
          "duration": 4389,
          "root": false,
          "rootEmpty": false,
          "_timeout": 2000
        }
      ],
      "passes": [],
      "failures": [],
      "pending": [],
      "skipped": [],
      "duration": 0,
      "root": true,
      "rootEmpty": true,
      "_timeout": 2000
    }
  ],
  "meta": {
    "mocha": {
      "version": "7.0.1"
    },
    "mochawesome": {
      "options": {
        "quiet": false,
        "reportFilename": "mochawesome",
        "saveHtml": false,
        "saveJson": true,
        "consoleReporter": "spec",
        "useInlineDiffs": false,
        "code": true
      },
      "version": "7.1.3"
    },
    "marge": {
      "options": {
        "overwrite": false,
        "html": false,
        "json": true,
        "reportDir": "cypress\\reports\\html\\.jsons"
      },
      "version": "6.2.0"
    }
  }
}